2015-05-18T20:44:54.689-0700 E NETWORK  [initandlisten] listen(): bind() failed errno:98 Address already in use for socket: 127.0.0.1:27017
2015-05-18T20:44:54.689-0700 E NETWORK  [initandlisten]   addr already in use
2015-05-18T20:44:54.702-0700 I JOURNAL  [initandlisten] journal dir=/home/fan/Dropbox/src/courseconnect/data/./db/journal
2015-05-18T20:44:54.702-0700 I JOURNAL  [initandlisten] recover : no journal files present, no recovery needed
2015-05-18T20:44:58.505-0700 I JOURNAL  [initandlisten] preallocateIsFaster=true 55.42
2015-05-18T20:45:01.346-0700 I JOURNAL  [initandlisten] preallocateIsFaster=true 34.48
2015-05-18T20:45:04.893-0700 I JOURNAL  [initandlisten] preallocateIsFaster=true 29.3
2015-05-18T20:45:04.893-0700 I JOURNAL  [initandlisten] preallocateIsFaster check took 10.191 secs
2015-05-18T20:45:04.893-0700 I JOURNAL  [initandlisten] preallocating a journal file /home/fan/Dropbox/src/courseconnect/data/./db/journal/prealloc.0
2015-05-18T20:45:07.091-0700 I -        [initandlisten]   File Preallocator Progress: 387973120/1073741824 36%
2015-05-18T20:45:10.288-0700 I -        [initandlisten]   File Preallocator Progress: 618659840/1073741824 57%
2015-05-18T20:45:13.102-0700 I -        [initandlisten]   File Preallocator Progress: 901775360/1073741824 83%
2015-05-18T20:45:18.092-0700 I JOURNAL  [initandlisten] preallocating a journal file /home/fan/Dropbox/src/courseconnect/data/./db/journal/prealloc.1
2015-05-18T20:45:21.047-0700 I -        [initandlisten]   File Preallocator Progress: 482344960/1073741824 44%
2015-05-18T20:45:24.047-0700 I -        [initandlisten]   File Preallocator Progress: 723517440/1073741824 67%
2015-05-18T20:45:27.015-0700 I -        [initandlisten]   File Preallocator Progress: 996147200/1073741824 92%
2015-05-18T20:45:30.628-0700 I JOURNAL  [initandlisten] preallocating a journal file /home/fan/Dropbox/src/courseconnect/data/./db/journal/prealloc.2
2015-05-18T20:45:33.035-0700 I -        [initandlisten]   File Preallocator Progress: 377487360/1073741824 35%
2015-05-18T20:45:36.643-0700 I -        [initandlisten]   File Preallocator Progress: 587202560/1073741824 54%
2015-05-18T20:45:39.055-0700 I -        [initandlisten]   File Preallocator Progress: 859832320/1073741824 80%
2015-05-18T20:45:44.848-0700 I JOURNAL  [durability] Durability thread started
2015-05-18T20:45:44.851-0700 I JOURNAL  [journal writer] Journal writer thread started
2015-05-18T20:45:45.150-0700 I CONTROL  [initandlisten] MongoDB starting : pid=23037 port=27017 dbpath=/home/fan/Dropbox/src/courseconnect/data/./db 64-bit host=fan-ThinkPad-T450s
2015-05-18T20:45:45.150-0700 I CONTROL  [initandlisten] ** WARNING: You are running this process as the root user, which is not recommended.
2015-05-18T20:45:45.150-0700 I CONTROL  [initandlisten] 
2015-05-18T20:45:45.150-0700 I CONTROL  [initandlisten] 
2015-05-18T20:45:45.150-0700 I CONTROL  [initandlisten] ** WARNING: /sys/kernel/mm/transparent_hugepage/enabled is 'always'.
2015-05-18T20:45:45.150-0700 I CONTROL  [initandlisten] **        We suggest setting it to 'never'
2015-05-18T20:45:45.150-0700 I CONTROL  [initandlisten] 
2015-05-18T20:45:45.150-0700 I CONTROL  [initandlisten] ** WARNING: /sys/kernel/mm/transparent_hugepage/defrag is 'always'.
2015-05-18T20:45:45.150-0700 I CONTROL  [initandlisten] **        We suggest setting it to 'never'
2015-05-18T20:45:45.150-0700 I CONTROL  [initandlisten] 
2015-05-18T20:45:45.150-0700 I CONTROL  [initandlisten] db version v3.0.3
2015-05-18T20:45:45.150-0700 I CONTROL  [initandlisten] git version: b40106b36eecd1b4407eb1ad1af6bc60593c6105
2015-05-18T20:45:45.150-0700 I CONTROL  [initandlisten] OpenSSL version: OpenSSL 1.0.1f 6 Jan 2014
2015-05-18T20:45:45.150-0700 I CONTROL  [initandlisten] build info: Linux ip-10-169-193-181 3.2.0-4-amd64 #1 SMP Debian 3.2.46-1 x86_64 BOOST_LIB_VERSION=1_49
2015-05-18T20:45:45.150-0700 I CONTROL  [initandlisten] allocator: tcmalloc
2015-05-18T20:45:45.150-0700 I CONTROL  [initandlisten] options: { config: "mongodb.conf", net: { bindIp: "127.0.0.1", port: 27017 }, processManagement: { fork: true }, storage: { dbPath: "./db", journal: { enabled: true } }, systemLog: { destination: "file", logAppend: true, path: "./log/mongodb.log" } }
2015-05-18T20:45:45.192-0700 I INDEX    [initandlisten] allocating new ns file /home/fan/Dropbox/src/courseconnect/data/./db/local.ns, filling with zeroes...
2015-05-18T20:45:45.590-0700 I STORAGE  [FileAllocator] allocating new datafile /home/fan/Dropbox/src/courseconnect/data/./db/local.0, filling with zeroes...
2015-05-18T20:45:45.592-0700 I STORAGE  [FileAllocator] creating directory /home/fan/Dropbox/src/courseconnect/data/./db/_tmp
2015-05-18T20:45:45.948-0700 I STORAGE  [FileAllocator] done allocating datafile /home/fan/Dropbox/src/courseconnect/data/./db/local.0, size: 64MB,  took 0.092 secs
2015-05-18T20:45:46.051-0700 I CONTROL  [initandlisten] now exiting
2015-05-18T20:45:46.051-0700 I NETWORK  [initandlisten] shutdown: going to close listening sockets...
2015-05-18T20:45:46.051-0700 I NETWORK  [initandlisten] shutdown: going to flush diaglog...
2015-05-18T20:45:46.051-0700 I NETWORK  [initandlisten] shutdown: going to close sockets...
2015-05-18T20:45:46.052-0700 I STORAGE  [initandlisten] shutdown: waiting for fs preallocator...
2015-05-18T20:45:46.052-0700 I STORAGE  [initandlisten] shutdown: final commit...
2015-05-18T20:45:46.322-0700 I JOURNAL  [initandlisten] journalCleanup...
2015-05-18T20:45:46.322-0700 I JOURNAL  [initandlisten] removeJournalFiles
2015-05-18T20:45:46.672-0700 I JOURNAL  [initandlisten] Terminating durability thread ...
2015-05-18T20:45:46.768-0700 I JOURNAL  [journal writer] Journal writer thread stopped
2015-05-18T20:45:46.768-0700 I JOURNAL  [durability] Durability thread stopped
2015-05-18T20:45:46.768-0700 I STORAGE  [initandlisten] shutdown: closing all files...
2015-05-18T20:45:46.769-0700 I STORAGE  [initandlisten] closeAllFiles() finished
2015-05-18T20:45:46.769-0700 I STORAGE  [initandlisten] shutdown: removing fs lock...
2015-05-18T20:45:46.769-0700 I CONTROL  [initandlisten] dbexit:  rc: 48
2015-05-24T21:08:38.569-0700 I CONTROL  ***** SERVER RESTARTED *****
2015-05-24T21:08:38.701-0700 E NETWORK  [initandlisten] listen(): bind() failed errno:98 Address already in use for socket: 127.0.0.1:27017
2015-05-24T21:08:38.701-0700 E NETWORK  [initandlisten]   addr already in use
2015-05-24T21:08:38.814-0700 I JOURNAL  [initandlisten] journal dir=/home/fan/Dropbox/src/courseconnect/courseconnectserver/data/./db/journal
2015-05-24T21:08:38.814-0700 I JOURNAL  [initandlisten] recover : no journal files present, no recovery needed
2015-05-24T21:08:38.929-0700 I JOURNAL  [durability] Durability thread started
2015-05-24T21:08:38.929-0700 I JOURNAL  [journal writer] Journal writer thread started
2015-05-24T21:08:39.003-0700 I CONTROL  [initandlisten] MongoDB starting : pid=9989 port=27017 dbpath=/home/fan/Dropbox/src/courseconnect/courseconnectserver/data/./db 64-bit host=fan-ThinkPad-T450s
2015-05-24T21:08:39.003-0700 I CONTROL  [initandlisten] ** WARNING: You are running this process as the root user, which is not recommended.
2015-05-24T21:08:39.003-0700 I CONTROL  [initandlisten] 
2015-05-24T21:08:39.003-0700 I CONTROL  [initandlisten] 
2015-05-24T21:08:39.003-0700 I CONTROL  [initandlisten] ** WARNING: /sys/kernel/mm/transparent_hugepage/enabled is 'always'.
2015-05-24T21:08:39.003-0700 I CONTROL  [initandlisten] **        We suggest setting it to 'never'
2015-05-24T21:08:39.003-0700 I CONTROL  [initandlisten] 
2015-05-24T21:08:39.003-0700 I CONTROL  [initandlisten] ** WARNING: /sys/kernel/mm/transparent_hugepage/defrag is 'always'.
2015-05-24T21:08:39.003-0700 I CONTROL  [initandlisten] **        We suggest setting it to 'never'
2015-05-24T21:08:39.003-0700 I CONTROL  [initandlisten] 
2015-05-24T21:08:39.003-0700 I CONTROL  [initandlisten] db version v3.0.3
2015-05-24T21:08:39.003-0700 I CONTROL  [initandlisten] git version: b40106b36eecd1b4407eb1ad1af6bc60593c6105
2015-05-24T21:08:39.003-0700 I CONTROL  [initandlisten] OpenSSL version: OpenSSL 1.0.1f 6 Jan 2014
2015-05-24T21:08:39.003-0700 I CONTROL  [initandlisten] build info: Linux ip-10-169-193-181 3.2.0-4-amd64 #1 SMP Debian 3.2.46-1 x86_64 BOOST_LIB_VERSION=1_49
2015-05-24T21:08:39.003-0700 I CONTROL  [initandlisten] allocator: tcmalloc
2015-05-24T21:08:39.003-0700 I CONTROL  [initandlisten] options: { config: "./mongodb.conf", net: { bindIp: "127.0.0.1", port: 27017 }, processManagement: { fork: true }, storage: { dbPath: "./db", journal: { enabled: true } }, systemLog: { destination: "file", logAppend: true, path: "./log/mongodb.log" } }
2015-05-24T21:08:40.994-0700 I CONTROL  [initandlisten] now exiting
2015-05-24T21:08:40.994-0700 I NETWORK  [initandlisten] shutdown: going to close listening sockets...
2015-05-24T21:08:40.994-0700 I NETWORK  [initandlisten] shutdown: going to flush diaglog...
2015-05-24T21:08:40.994-0700 I NETWORK  [initandlisten] shutdown: going to close sockets...
2015-05-24T21:08:40.994-0700 I STORAGE  [initandlisten] shutdown: waiting for fs preallocator...
2015-05-24T21:08:40.994-0700 I STORAGE  [initandlisten] shutdown: final commit...
2015-05-24T21:08:41.067-0700 I JOURNAL  [initandlisten] journalCleanup...
2015-05-24T21:08:41.067-0700 I JOURNAL  [initandlisten] removeJournalFiles
2015-05-24T21:08:41.214-0700 I JOURNAL  [initandlisten] Terminating durability thread ...
2015-05-24T21:08:41.301-0700 I JOURNAL  [journal writer] Journal writer thread stopped
2015-05-24T21:08:41.301-0700 I JOURNAL  [durability] Durability thread stopped
2015-05-24T21:08:41.301-0700 I STORAGE  [initandlisten] shutdown: closing all files...
2015-05-24T21:08:41.301-0700 I STORAGE  [initandlisten] closeAllFiles() finished
2015-05-24T21:08:41.301-0700 I STORAGE  [initandlisten] shutdown: removing fs lock...
2015-05-24T21:08:41.301-0700 I CONTROL  [initandlisten] dbexit:  rc: 48
2015-05-30T10:57:51.442-0700 I CONTROL  ***** SERVER RESTARTED *****
2015-05-30T10:57:51.468-0700 E NETWORK  [initandlisten] listen(): bind() failed errno:98 Address already in use for socket: 127.0.0.1:27017
2015-05-30T10:57:51.468-0700 E NETWORK  [initandlisten]   addr already in use
2015-05-30T10:57:51.474-0700 I JOURNAL  [initandlisten] journal dir=/home/fan/Dropbox/src/courseconnect/courseconnectserver/data/./db/journal
2015-05-30T10:57:51.474-0700 I JOURNAL  [initandlisten] recover : no journal files present, no recovery needed
2015-05-30T10:57:51.606-0700 I JOURNAL  [durability] Durability thread started
2015-05-30T10:57:51.607-0700 I JOURNAL  [journal writer] Journal writer thread started
2015-05-30T10:57:51.608-0700 I CONTROL  [initandlisten] MongoDB starting : pid=30804 port=27017 dbpath=/home/fan/Dropbox/src/courseconnect/courseconnectserver/data/./db 64-bit host=fan-ThinkPad-T450s
2015-05-30T10:57:51.608-0700 I CONTROL  [initandlisten] 
2015-05-30T10:57:51.608-0700 I CONTROL  [initandlisten] ** WARNING: /sys/kernel/mm/transparent_hugepage/enabled is 'always'.
2015-05-30T10:57:51.608-0700 I CONTROL  [initandlisten] **        We suggest setting it to 'never'
2015-05-30T10:57:51.608-0700 I CONTROL  [initandlisten] 
2015-05-30T10:57:51.608-0700 I CONTROL  [initandlisten] ** WARNING: /sys/kernel/mm/transparent_hugepage/defrag is 'always'.
2015-05-30T10:57:51.608-0700 I CONTROL  [initandlisten] **        We suggest setting it to 'never'
2015-05-30T10:57:51.608-0700 I CONTROL  [initandlisten] 
2015-05-30T10:57:51.608-0700 I CONTROL  [initandlisten] db version v3.0.3
2015-05-30T10:57:51.608-0700 I CONTROL  [initandlisten] git version: b40106b36eecd1b4407eb1ad1af6bc60593c6105
2015-05-30T10:57:51.608-0700 I CONTROL  [initandlisten] OpenSSL version: OpenSSL 1.0.1f 6 Jan 2014
2015-05-30T10:57:51.608-0700 I CONTROL  [initandlisten] build info: Linux ip-10-169-193-181 3.2.0-4-amd64 #1 SMP Debian 3.2.46-1 x86_64 BOOST_LIB_VERSION=1_49
2015-05-30T10:57:51.608-0700 I CONTROL  [initandlisten] allocator: tcmalloc
2015-05-30T10:57:51.608-0700 I CONTROL  [initandlisten] options: { config: "mongodb.conf", net: { bindIp: "127.0.0.1", port: 27017 }, processManagement: { fork: false }, storage: { dbPath: "./db", journal: { enabled: true } }, systemLog: { destination: "file", logAppend: true, path: "./log/mongodb.log" } }
2015-05-30T10:57:51.609-0700 I INDEX    [initandlisten] allocating new ns file /home/fan/Dropbox/src/courseconnect/courseconnectserver/data/./db/local.ns, filling with zeroes...
2015-05-30T10:57:51.659-0700 I STORAGE  [FileAllocator] allocating new datafile /home/fan/Dropbox/src/courseconnect/courseconnectserver/data/./db/local.0, filling with zeroes...
2015-05-30T10:57:51.659-0700 I STORAGE  [FileAllocator] creating directory /home/fan/Dropbox/src/courseconnect/courseconnectserver/data/./db/_tmp
2015-05-30T10:57:51.663-0700 I STORAGE  [FileAllocator] done allocating datafile /home/fan/Dropbox/src/courseconnect/courseconnectserver/data/./db/local.0, size: 64MB,  took 0.001 secs
2015-05-30T10:57:51.666-0700 I CONTROL  [initandlisten] now exiting
2015-05-30T10:57:51.666-0700 I NETWORK  [initandlisten] shutdown: going to close listening sockets...
2015-05-30T10:57:51.666-0700 I NETWORK  [initandlisten] shutdown: going to flush diaglog...
2015-05-30T10:57:51.666-0700 I NETWORK  [initandlisten] shutdown: going to close sockets...
2015-05-30T10:57:51.667-0700 I STORAGE  [initandlisten] shutdown: waiting for fs preallocator...
2015-05-30T10:57:51.667-0700 I STORAGE  [initandlisten] shutdown: final commit...
2015-05-30T10:57:51.673-0700 I JOURNAL  [initandlisten] journalCleanup...
2015-05-30T10:57:51.673-0700 I JOURNAL  [initandlisten] removeJournalFiles
2015-05-30T10:57:51.675-0700 I JOURNAL  [initandlisten] Terminating durability thread ...
2015-05-30T10:57:51.770-0700 I JOURNAL  [journal writer] Journal writer thread stopped
2015-05-30T10:57:51.770-0700 I JOURNAL  [durability] Durability thread stopped
2015-05-30T10:57:51.770-0700 I STORAGE  [initandlisten] shutdown: closing all files...
2015-05-30T10:57:51.771-0700 I STORAGE  [initandlisten] closeAllFiles() finished
2015-05-30T10:57:51.771-0700 I STORAGE  [initandlisten] shutdown: removing fs lock...
2015-05-30T10:57:51.771-0700 I CONTROL  [initandlisten] dbexit:  rc: 48
2015-05-30T10:59:48.242-0700 I CONTROL  ***** SERVER RESTARTED *****
2015-05-30T10:59:48.266-0700 E NETWORK  [initandlisten] listen(): bind() failed errno:98 Address already in use for socket: 127.0.0.1:27017
2015-05-30T10:59:48.266-0700 E NETWORK  [initandlisten]   addr already in use
2015-05-30T10:59:48.270-0700 I JOURNAL  [initandlisten] journal dir=/home/fan/Dropbox/src/courseconnect/courseconnectserver/data/./db/journal
2015-05-30T10:59:48.270-0700 I JOURNAL  [initandlisten] recover : no journal files present, no recovery needed
2015-05-30T10:59:48.400-0700 I JOURNAL  [durability] Durability thread started
2015-05-30T10:59:48.400-0700 I JOURNAL  [journal writer] Journal writer thread started
2015-05-30T10:59:48.403-0700 I CONTROL  [initandlisten] MongoDB starting : pid=30894 port=27017 dbpath=/home/fan/Dropbox/src/courseconnect/courseconnectserver/data/./db 64-bit host=fan-ThinkPad-T450s
2015-05-30T10:59:48.403-0700 I CONTROL  [initandlisten] 
2015-05-30T10:59:48.403-0700 I CONTROL  [initandlisten] ** WARNING: /sys/kernel/mm/transparent_hugepage/enabled is 'always'.
2015-05-30T10:59:48.403-0700 I CONTROL  [initandlisten] **        We suggest setting it to 'never'
2015-05-30T10:59:48.403-0700 I CONTROL  [initandlisten] 
2015-05-30T10:59:48.403-0700 I CONTROL  [initandlisten] ** WARNING: /sys/kernel/mm/transparent_hugepage/defrag is 'always'.
2015-05-30T10:59:48.403-0700 I CONTROL  [initandlisten] **        We suggest setting it to 'never'
2015-05-30T10:59:48.403-0700 I CONTROL  [initandlisten] 
2015-05-30T10:59:48.403-0700 I CONTROL  [initandlisten] db version v3.0.3
2015-05-30T10:59:48.403-0700 I CONTROL  [initandlisten] git version: b40106b36eecd1b4407eb1ad1af6bc60593c6105
2015-05-30T10:59:48.403-0700 I CONTROL  [initandlisten] OpenSSL version: OpenSSL 1.0.1f 6 Jan 2014
2015-05-30T10:59:48.403-0700 I CONTROL  [initandlisten] build info: Linux ip-10-169-193-181 3.2.0-4-amd64 #1 SMP Debian 3.2.46-1 x86_64 BOOST_LIB_VERSION=1_49
2015-05-30T10:59:48.403-0700 I CONTROL  [initandlisten] allocator: tcmalloc
2015-05-30T10:59:48.403-0700 I CONTROL  [initandlisten] options: { config: "mongodb.conf", net: { bindIp: "127.0.0.1", port: 27017 }, processManagement: { fork: false }, storage: { dbPath: "./db", journal: { enabled: true } }, systemLog: { destination: "file", logAppend: true, path: "./log/mongodb.log" } }
2015-05-30T10:59:48.406-0700 I CONTROL  [initandlisten] now exiting
2015-05-30T10:59:48.406-0700 I NETWORK  [initandlisten] shutdown: going to close listening sockets...
2015-05-30T10:59:48.407-0700 I NETWORK  [initandlisten] shutdown: going to flush diaglog...
2015-05-30T10:59:48.407-0700 I NETWORK  [initandlisten] shutdown: going to close sockets...
2015-05-30T10:59:48.407-0700 I STORAGE  [initandlisten] shutdown: waiting for fs preallocator...
2015-05-30T10:59:48.407-0700 I STORAGE  [initandlisten] shutdown: final commit...
2015-05-30T10:59:48.410-0700 I JOURNAL  [initandlisten] journalCleanup...
2015-05-30T10:59:48.410-0700 I JOURNAL  [initandlisten] removeJournalFiles
2015-05-30T10:59:48.412-0700 I JOURNAL  [initandlisten] Terminating durability thread ...
2015-05-30T10:59:48.509-0700 I JOURNAL  [journal writer] Journal writer thread stopped
2015-05-30T10:59:48.509-0700 I JOURNAL  [durability] Durability thread stopped
2015-05-30T10:59:48.509-0700 I STORAGE  [initandlisten] shutdown: closing all files...
2015-05-30T10:59:48.510-0700 I STORAGE  [initandlisten] closeAllFiles() finished
2015-05-30T10:59:48.510-0700 I STORAGE  [initandlisten] shutdown: removing fs lock...
2015-05-30T10:59:48.510-0700 I CONTROL  [initandlisten] dbexit:  rc: 48
2015-05-30T11:00:00.596-0700 I CONTROL  ***** SERVER RESTARTED *****
2015-05-30T11:00:00.621-0700 E NETWORK  [initandlisten] listen(): bind() failed errno:98 Address already in use for socket: 127.0.0.1:27017
2015-05-30T11:00:00.621-0700 E NETWORK  [initandlisten]   addr already in use
2015-05-30T11:00:00.624-0700 I JOURNAL  [initandlisten] journal dir=/home/fan/Dropbox/src/courseconnect/courseconnectserver/data/./db/journal
2015-05-30T11:00:00.624-0700 I JOURNAL  [initandlisten] recover : no journal files present, no recovery needed
2015-05-30T11:00:00.761-0700 I JOURNAL  [durability] Durability thread started
2015-05-30T11:00:00.761-0700 I JOURNAL  [journal writer] Journal writer thread started
2015-05-30T11:00:00.764-0700 I CONTROL  [initandlisten] MongoDB starting : pid=30932 port=27017 dbpath=/home/fan/Dropbox/src/courseconnect/courseconnectserver/data/./db 64-bit host=fan-ThinkPad-T450s
2015-05-30T11:00:00.764-0700 I CONTROL  [initandlisten] 
2015-05-30T11:00:00.764-0700 I CONTROL  [initandlisten] ** WARNING: /sys/kernel/mm/transparent_hugepage/enabled is 'always'.
2015-05-30T11:00:00.764-0700 I CONTROL  [initandlisten] **        We suggest setting it to 'never'
2015-05-30T11:00:00.764-0700 I CONTROL  [initandlisten] 
2015-05-30T11:00:00.764-0700 I CONTROL  [initandlisten] ** WARNING: /sys/kernel/mm/transparent_hugepage/defrag is 'always'.
2015-05-30T11:00:00.764-0700 I CONTROL  [initandlisten] **        We suggest setting it to 'never'
2015-05-30T11:00:00.764-0700 I CONTROL  [initandlisten] 
2015-05-30T11:00:00.764-0700 I CONTROL  [initandlisten] db version v3.0.3
2015-05-30T11:00:00.764-0700 I CONTROL  [initandlisten] git version: b40106b36eecd1b4407eb1ad1af6bc60593c6105
2015-05-30T11:00:00.764-0700 I CONTROL  [initandlisten] OpenSSL version: OpenSSL 1.0.1f 6 Jan 2014
2015-05-30T11:00:00.764-0700 I CONTROL  [initandlisten] build info: Linux ip-10-169-193-181 3.2.0-4-amd64 #1 SMP Debian 3.2.46-1 x86_64 BOOST_LIB_VERSION=1_49
2015-05-30T11:00:00.764-0700 I CONTROL  [initandlisten] allocator: tcmalloc
2015-05-30T11:00:00.764-0700 I CONTROL  [initandlisten] options: { config: "mongodb.conf", net: { bindIp: "127.0.0.1", port: 27017 }, processManagement: { fork: true }, storage: { dbPath: "./db", journal: { enabled: true } }, systemLog: { destination: "file", logAppend: true, path: "./log/mongodb.log" } }
2015-05-30T11:00:00.769-0700 I CONTROL  [initandlisten] now exiting
2015-05-30T11:00:00.769-0700 I NETWORK  [initandlisten] shutdown: going to close listening sockets...
2015-05-30T11:00:00.769-0700 I NETWORK  [initandlisten] shutdown: going to flush diaglog...
2015-05-30T11:00:00.769-0700 I NETWORK  [initandlisten] shutdown: going to close sockets...
2015-05-30T11:00:00.769-0700 I STORAGE  [initandlisten] shutdown: waiting for fs preallocator...
2015-05-30T11:00:00.769-0700 I STORAGE  [initandlisten] shutdown: final commit...
2015-05-30T11:00:00.773-0700 I JOURNAL  [initandlisten] journalCleanup...
2015-05-30T11:00:00.773-0700 I JOURNAL  [initandlisten] removeJournalFiles
2015-05-30T11:00:00.778-0700 I JOURNAL  [initandlisten] Terminating durability thread ...
2015-05-30T11:00:00.871-0700 I JOURNAL  [journal writer] Journal writer thread stopped
2015-05-30T11:00:00.871-0700 I JOURNAL  [durability] Durability thread stopped
2015-05-30T11:00:00.872-0700 I STORAGE  [initandlisten] shutdown: closing all files...
2015-05-30T11:00:00.872-0700 I STORAGE  [initandlisten] closeAllFiles() finished
2015-05-30T11:00:00.872-0700 I STORAGE  [initandlisten] shutdown: removing fs lock...
2015-05-30T11:00:00.872-0700 I CONTROL  [initandlisten] dbexit:  rc: 48
2015-05-30T11:00:17.239-0700 I CONTROL  ***** SERVER RESTARTED *****
2015-05-30T11:00:17.263-0700 E NETWORK  [initandlisten] listen(): bind() failed errno:98 Address already in use for socket: 127.0.0.1:27017
2015-05-30T11:00:17.263-0700 E NETWORK  [initandlisten]   addr already in use
2015-05-30T11:00:17.267-0700 I JOURNAL  [initandlisten] journal dir=/home/fan/Dropbox/src/courseconnect/courseconnectserver/data/./db/journal
2015-05-30T11:00:17.268-0700 I JOURNAL  [initandlisten] recover : no journal files present, no recovery needed
2015-05-30T11:00:17.399-0700 I JOURNAL  [durability] Durability thread started
2015-05-30T11:00:17.399-0700 I JOURNAL  [journal writer] Journal writer thread started
2015-05-30T11:00:17.402-0700 I CONTROL  [initandlisten] MongoDB starting : pid=30956 port=27017 dbpath=/home/fan/Dropbox/src/courseconnect/courseconnectserver/data/./db 64-bit host=fan-ThinkPad-T450s
2015-05-30T11:00:17.402-0700 I CONTROL  [initandlisten] 
2015-05-30T11:00:17.402-0700 I CONTROL  [initandlisten] ** WARNING: /sys/kernel/mm/transparent_hugepage/enabled is 'always'.
2015-05-30T11:00:17.402-0700 I CONTROL  [initandlisten] **        We suggest setting it to 'never'
2015-05-30T11:00:17.402-0700 I CONTROL  [initandlisten] 
2015-05-30T11:00:17.402-0700 I CONTROL  [initandlisten] ** WARNING: /sys/kernel/mm/transparent_hugepage/defrag is 'always'.
2015-05-30T11:00:17.402-0700 I CONTROL  [initandlisten] **        We suggest setting it to 'never'
2015-05-30T11:00:17.402-0700 I CONTROL  [initandlisten] 
2015-05-30T11:00:17.402-0700 I CONTROL  [initandlisten] db version v3.0.3
2015-05-30T11:00:17.402-0700 I CONTROL  [initandlisten] git version: b40106b36eecd1b4407eb1ad1af6bc60593c6105
2015-05-30T11:00:17.402-0700 I CONTROL  [initandlisten] OpenSSL version: OpenSSL 1.0.1f 6 Jan 2014
2015-05-30T11:00:17.402-0700 I CONTROL  [initandlisten] build info: Linux ip-10-169-193-181 3.2.0-4-amd64 #1 SMP Debian 3.2.46-1 x86_64 BOOST_LIB_VERSION=1_49
2015-05-30T11:00:17.402-0700 I CONTROL  [initandlisten] allocator: tcmalloc
2015-05-30T11:00:17.402-0700 I CONTROL  [initandlisten] options: { config: "mongodb.conf", net: { bindIp: "127.0.0.1", port: 27017 }, processManagement: { fork: true }, storage: { dbPath: "./db", journal: { enabled: true } }, systemLog: { destination: "file", logAppend: true, path: "./log/mongodb.log" } }
2015-05-30T11:00:17.406-0700 I CONTROL  [initandlisten] now exiting
2015-05-30T11:00:17.408-0700 I NETWORK  [initandlisten] shutdown: going to close listening sockets...
2015-05-30T11:00:17.408-0700 I NETWORK  [initandlisten] shutdown: going to flush diaglog...
2015-05-30T11:00:17.408-0700 I NETWORK  [initandlisten] shutdown: going to close sockets...
2015-05-30T11:00:17.408-0700 I STORAGE  [initandlisten] shutdown: waiting for fs preallocator...
2015-05-30T11:00:17.408-0700 I STORAGE  [initandlisten] shutdown: final commit...
2015-05-30T11:00:17.414-0700 I JOURNAL  [initandlisten] journalCleanup...
2015-05-30T11:00:17.414-0700 I JOURNAL  [initandlisten] removeJournalFiles
2015-05-30T11:00:17.416-0700 I JOURNAL  [initandlisten] Terminating durability thread ...
2015-05-30T11:00:17.511-0700 I JOURNAL  [journal writer] Journal writer thread stopped
2015-05-30T11:00:17.512-0700 I JOURNAL  [durability] Durability thread stopped
2015-05-30T11:00:17.512-0700 I STORAGE  [initandlisten] shutdown: closing all files...
2015-05-30T11:00:17.512-0700 I STORAGE  [initandlisten] closeAllFiles() finished
2015-05-30T11:00:17.512-0700 I STORAGE  [initandlisten] shutdown: removing fs lock...
2015-05-30T11:00:17.512-0700 I CONTROL  [initandlisten] dbexit:  rc: 48
2015-10-02T23:19:15.177-0400 I CONTROL  ***** SERVER RESTARTED *****
2015-10-02T23:19:15.237-0400 I JOURNAL  [initandlisten] journal dir=/Users/apple/Documents/courseconnect/data/db/journal
2015-10-02T23:19:15.239-0400 I JOURNAL  [initandlisten] recover : no journal files present, no recovery needed
2015-10-02T23:19:15.266-0400 I JOURNAL  [durability] Durability thread started
2015-10-02T23:19:15.266-0400 I CONTROL  [initandlisten] MongoDB starting : pid=9080 port=27017 dbpath=/Users/apple/Documents/courseconnect/data/db 64-bit host=appledeMacBook-Air.local
2015-10-02T23:19:15.267-0400 I JOURNAL  [journal writer] Journal writer thread started
2015-10-02T23:19:15.267-0400 I CONTROL  [initandlisten] 
2015-10-02T23:19:15.271-0400 I CONTROL  [initandlisten] ** WARNING: soft rlimits too low. Number of files is 256, should be at least 1000
2015-10-02T23:19:15.272-0400 I CONTROL  [initandlisten] db version v3.0.6
2015-10-02T23:19:15.273-0400 I CONTROL  [initandlisten] git version: 1ef45a23a4c5e3480ac919b28afcba3c615488f2
2015-10-02T23:19:15.273-0400 I CONTROL  [initandlisten] build info: Darwin mci-osx108-7.build.10gen.cc 12.5.0 Darwin Kernel Version 12.5.0: Sun Sep 29 13:33:47 PDT 2013; root:xnu-2050.48.12~1/RELEASE_X86_64 x86_64 BOOST_LIB_VERSION=1_49
2015-10-02T23:19:15.274-0400 I CONTROL  [initandlisten] allocator: system
2015-10-02T23:19:15.274-0400 I CONTROL  [initandlisten] options: { config: "./data/mongodb.conf", net: { bindIp: "127.0.0.1", port: 27017 }, processManagement: { fork: true }, storage: { dbPath: "data/db", journal: { enabled: true } }, systemLog: { destination: "file", logAppend: true, path: "data/log/mongodb.log" } }
2015-10-02T23:19:15.444-0400 I NETWORK  [initandlisten] waiting for connections on port 27017
2015-10-02T23:19:32.058-0400 I CONTROL  ***** SERVER RESTARTED *****
2015-10-02T23:19:32.076-0400 E NETWORK  [initandlisten] listen(): bind() failed errno:48 Address already in use for socket: 127.0.0.1:27017
2015-10-02T23:19:32.077-0400 E NETWORK  [initandlisten]   addr already in use
2015-10-02T23:19:32.077-0400 W -        [initandlisten] Detected unclean shutdown - /Users/apple/Documents/courseconnect/data/db/mongod.lock is not empty.
2015-10-02T23:19:32.081-0400 I STORAGE  [initandlisten] exception in initAndListen: 98 Unable to lock file: /Users/apple/Documents/courseconnect/data/db/mongod.lock errno:35 Resource temporarily unavailable. Is a mongod instance already running?, terminating
2015-10-02T23:19:32.081-0400 I CONTROL  [initandlisten] dbexit:  rc: 100
2015-10-02T23:20:16.428-0400 I NETWORK  [initandlisten] connection accepted from 127.0.0.1:62593 #1 (1 connection now open)
2015-10-02T23:33:50.090-0400 I NETWORK  [initandlisten] connection accepted from 127.0.0.1:62826 #2 (2 connections now open)
2015-10-02T23:33:50.091-0400 I NETWORK  [initandlisten] connection accepted from 127.0.0.1:62827 #3 (3 connections now open)
2015-10-02T23:33:50.092-0400 I NETWORK  [initandlisten] connection accepted from 127.0.0.1:62828 #4 (4 connections now open)
2015-10-02T23:33:50.092-0400 I NETWORK  [initandlisten] connection accepted from 127.0.0.1:62829 #5 (5 connections now open)
2015-10-02T23:33:50.092-0400 I NETWORK  [initandlisten] connection accepted from 127.0.0.1:62830 #6 (6 connections now open)
2015-10-02T23:34:15.018-0400 I NETWORK  [conn1] end connection 127.0.0.1:62593 (5 connections now open)
2015-10-02T23:36:42.517-0400 I CONTROL  [signalProcessingThread] got signal 15 (Terminated: 15), will terminate after current cmd ends
2015-10-02T23:36:42.528-0400 I CONTROL  [signalProcessingThread] now exiting
2015-10-02T23:36:42.529-0400 I NETWORK  [signalProcessingThread] shutdown: going to close listening sockets...
2015-10-02T23:36:42.529-0400 I NETWORK  [signalProcessingThread] closing listening socket: 6
2015-10-02T23:36:42.529-0400 I NETWORK  [signalProcessingThread] closing listening socket: 7
2015-10-02T23:36:42.530-0400 I NETWORK  [signalProcessingThread] removing socket file: /tmp/mongodb-27017.sock
2015-10-02T23:36:42.531-0400 I NETWORK  [signalProcessingThread] shutdown: going to flush diaglog...
2015-10-02T23:36:42.532-0400 I NETWORK  [signalProcessingThread] shutdown: going to close sockets...
2015-10-02T23:36:42.532-0400 I STORAGE  [signalProcessingThread] shutdown: waiting for fs preallocator...
2015-10-02T23:36:42.532-0400 I NETWORK  [conn2] end connection 127.0.0.1:62826 (4 connections now open)
2015-10-02T23:36:42.532-0400 I NETWORK  [conn3] end connection 127.0.0.1:62827 (4 connections now open)
2015-10-02T23:36:42.532-0400 I NETWORK  [conn4] end connection 127.0.0.1:62828 (4 connections now open)
2015-10-02T23:36:42.533-0400 I NETWORK  [conn5] end connection 127.0.0.1:62829 (4 connections now open)
2015-10-02T23:36:42.533-0400 I NETWORK  [conn6] end connection 127.0.0.1:62830 (4 connections now open)
2015-10-02T23:36:42.533-0400 I STORAGE  [signalProcessingThread] shutdown: final commit...
2015-10-02T23:36:42.539-0400 I JOURNAL  [signalProcessingThread] journalCleanup...
2015-10-02T23:36:42.539-0400 I JOURNAL  [signalProcessingThread] removeJournalFiles
2015-10-02T23:36:42.540-0400 I JOURNAL  [signalProcessingThread] Terminating durability thread ...
2015-10-02T23:36:42.652-0400 I JOURNAL  [journal writer] Journal writer thread stopped
2015-10-02T23:36:42.653-0400 I JOURNAL  [durability] Durability thread stopped
2015-10-02T23:36:42.653-0400 I STORAGE  [signalProcessingThread] shutdown: closing all files...
2015-10-02T23:36:42.655-0400 I STORAGE  [signalProcessingThread] closeAllFiles() finished
2015-10-02T23:36:42.655-0400 I STORAGE  [signalProcessingThread] shutdown: removing fs lock...
2015-10-02T23:36:42.656-0400 I CONTROL  [signalProcessingThread] dbexit:  rc: 0
2015-10-04T02:00:30.085-0400 I CONTROL  ***** SERVER RESTARTED *****
2015-10-04T02:00:30.110-0400 E NETWORK  [initandlisten] listen(): bind() failed errno:99 Cannot assign requested address for socket: 52.3.117.15:27017
2015-10-04T02:00:30.110-0400 I STORAGE  [initandlisten] exception in initAndListen: 29 Data directory /home/fan/Dropbox/src/courseconnect/./db not found., terminating
2015-10-04T02:00:30.110-0400 I CONTROL  [initandlisten] dbexit:  rc: 100
2015-10-04T02:02:21.965-0400 I CONTROL  ***** SERVER RESTARTED *****
2015-10-04T02:02:21.990-0400 E NETWORK  [initandlisten] listen(): bind() failed errno:99 Cannot assign requested address for socket: 52.3.117.15:27017
2015-10-04T02:02:21.990-0400 I STORAGE  [initandlisten] exception in initAndListen: 29 Data directory /home/fan/Dropbox/src/courseconnect/./db not found., terminating
2015-10-04T02:02:21.990-0400 I CONTROL  [initandlisten] dbexit:  rc: 100
2015-10-04T02:03:30.573-0400 I CONTROL  ***** SERVER RESTARTED *****
2015-10-04T02:03:30.598-0400 E NETWORK  [initandlisten] listen(): bind() failed errno:99 Cannot assign requested address for socket: 52.3.117.15:27017
2015-10-04T02:03:30.601-0400 I JOURNAL  [initandlisten] journal dir=/home/fan/Dropbox/src/courseconnect/./data/db/journal
2015-10-04T02:03:30.601-0400 I JOURNAL  [initandlisten] recover : no journal files present, no recovery needed
2015-10-04T02:03:30.762-0400 I JOURNAL  [durability] Durability thread started
2015-10-04T02:03:30.762-0400 I JOURNAL  [journal writer] Journal writer thread started
2015-10-04T02:03:30.768-0400 I CONTROL  [initandlisten] MongoDB starting : pid=15314 port=27017 dbpath=/home/fan/Dropbox/src/courseconnect/./data/db 64-bit host=fan-ThinkPad-T450s
2015-10-04T02:03:30.769-0400 I CONTROL  [initandlisten] ** WARNING: You are running this process as the root user, which is not recommended.
2015-10-04T02:03:30.769-0400 I CONTROL  [initandlisten] 
2015-10-04T02:03:30.769-0400 I CONTROL  [initandlisten] 
2015-10-04T02:03:30.769-0400 I CONTROL  [initandlisten] ** WARNING: /sys/kernel/mm/transparent_hugepage/enabled is 'always'.
2015-10-04T02:03:30.769-0400 I CONTROL  [initandlisten] **        We suggest setting it to 'never'
2015-10-04T02:03:30.769-0400 I CONTROL  [initandlisten] 
2015-10-04T02:03:30.769-0400 I CONTROL  [initandlisten] ** WARNING: /sys/kernel/mm/transparent_hugepage/defrag is 'always'.
2015-10-04T02:03:30.769-0400 I CONTROL  [initandlisten] **        We suggest setting it to 'never'
2015-10-04T02:03:30.769-0400 I CONTROL  [initandlisten] 
2015-10-04T02:03:30.769-0400 I CONTROL  [initandlisten] db version v3.0.6
2015-10-04T02:03:30.769-0400 I CONTROL  [initandlisten] git version: 1ef45a23a4c5e3480ac919b28afcba3c615488f2
2015-10-04T02:03:30.769-0400 I CONTROL  [initandlisten] build info: Linux ip-10-233-162-213 3.2.0-4-amd64 #1 SMP Debian 3.2.46-1 x86_64 BOOST_LIB_VERSION=1_49
2015-10-04T02:03:30.769-0400 I CONTROL  [initandlisten] allocator: tcmalloc
2015-10-04T02:03:30.769-0400 I CONTROL  [initandlisten] options: { config: "./data/mongodb.conf", net: { bindIp: "52.3.117.15", port: 27017 }, processManagement: { fork: false }, storage: { dbPath: "./data/db", journal: { enabled: true } }, systemLog: { destination: "file", logAppend: true, path: "./data/log/mongodb.log" } }
2015-10-04T02:03:30.776-0400 I CONTROL  [initandlisten] now exiting
2015-10-04T02:03:30.776-0400 I NETWORK  [initandlisten] shutdown: going to close listening sockets...
2015-10-04T02:03:30.776-0400 I NETWORK  [initandlisten] shutdown: going to flush diaglog...
2015-10-04T02:03:30.776-0400 I NETWORK  [initandlisten] shutdown: going to close sockets...
2015-10-04T02:03:30.776-0400 I STORAGE  [initandlisten] shutdown: waiting for fs preallocator...
2015-10-04T02:03:30.776-0400 I STORAGE  [initandlisten] shutdown: final commit...
2015-10-04T02:03:30.780-0400 I JOURNAL  [initandlisten] journalCleanup...
2015-10-04T02:03:30.780-0400 I JOURNAL  [initandlisten] removeJournalFiles
2015-10-04T02:03:30.782-0400 I JOURNAL  [initandlisten] Terminating durability thread ...
2015-10-04T02:03:30.879-0400 I JOURNAL  [journal writer] Journal writer thread stopped
2015-10-04T02:03:30.879-0400 I JOURNAL  [durability] Durability thread stopped
2015-10-04T02:03:30.879-0400 I STORAGE  [initandlisten] shutdown: closing all files...
2015-10-04T02:03:30.880-0400 I STORAGE  [initandlisten] closeAllFiles() finished
2015-10-04T02:03:30.880-0400 I STORAGE  [initandlisten] shutdown: removing fs lock...
2015-10-04T02:03:30.880-0400 I CONTROL  [initandlisten] dbexit:  rc: 48
